\BOOKMARK [1][-]{section.1}{Introduction}{}% 1
\BOOKMARK [1][-]{section.2}{Downloading PSOM}{}% 2
\BOOKMARK [1][-]{section.3}{Setting-up PSOM}{}% 3
\BOOKMARK [2][-]{subsection.3.1}{Fortran compiler and bash\137profile}{section.3}% 4
\BOOKMARK [2][-]{subsection.3.2}{optfile and configure.sh}{section.3}% 5
\BOOKMARK [2][-]{subsection.3.3}{Getting started with PSOM on Poseidon}{section.3}% 6
\BOOKMARK [1][-]{section.4}{Running PSOM}{}% 7
\BOOKMARK [1][-]{section.5}{Test Cases}{}% 8
\BOOKMARK [2][-]{subsection.5.1}{Wiggles}{section.5}% 9
\BOOKMARK [2][-]{subsection.5.2}{NA}{section.5}% 10
\BOOKMARK [2][-]{subsection.5.3}{Shelfbreak}{section.5}% 11
\BOOKMARK [1][-]{section.6}{Setting up your PSOM simulation}{}% 12
\BOOKMARK [2][-]{subsection.6.1}{Create your experiment directory}{section.6}% 13
\BOOKMARK [2][-]{subsection.6.2}{Defining your model grid}{section.6}% 14
\BOOKMARK [2][-]{subsection.6.3}{cppdefs.h}{section.6}% 15
\BOOKMARK [2][-]{subsection.6.4}{namelist}{section.6}% 16
\BOOKMARK [2][-]{subsection.6.5}{Defining the initial conditions}{section.6}% 17
\BOOKMARK [2][-]{subsection.6.6}{Wind stress}{section.6}% 18
\BOOKMARK [2][-]{subsection.6.7}{Surface Heat Fluxes}{section.6}% 19
\BOOKMARK [2][-]{subsection.6.8}{Adding your own modules}{section.6}% 20
\BOOKMARK [1][-]{section.7}{Particle tracking in PSOM}{}% 21
\BOOKMARK [2][-]{subsection.7.1}{Non-sinking particles}{section.7}% 22
\BOOKMARK [2][-]{subsection.7.2}{Sinking particles}{section.7}% 23
\BOOKMARK [2][-]{subsection.7.3}{Reading unformatted binary output files}{section.7}% 24
\BOOKMARK [2][-]{subsection.7.4}{Customizing Particle-tracking in PSOM}{section.7}% 25
\BOOKMARK [3][-]{subsubsection.7.4.1}{Parameters in namelist}{subsection.7.4}% 26
\BOOKMARK [3][-]{subsubsection.7.4.2}{particles.f90}{subsection.7.4}% 27
\BOOKMARK [1][-]{section.8}{Coupling PSOM with GOTM}{}% 28
\BOOKMARK [2][-]{subsection.8.1}{Compile GOTM}{section.8}% 29
\BOOKMARK [2][-]{subsection.8.2}{Compiling PSOM with GOTM}{section.8}% 30
\BOOKMARK [2][-]{subsection.8.3}{Other notes}{section.8}% 31
\BOOKMARK [1][-]{appendix.A}{Appendix A}{}% 32
\BOOKMARK [1][-]{appendix.B}{Appendix B - particle\137open\137bin.m}{}% 33
\BOOKMARK [1][-]{appendix.C}{Appendix C - particle\137bin2csv}{}% 34
